<?xml version="1.0" encoding="UTF-8"?>
<!-- Generated by org.testng.reporters.JUnitXMLReporter -->
<testsuite ignored="0" hostname="DESKTOP-S5MMF0I" failures="1" tests="1" name="TestonEdge" time="18.28" errors="0" timestamp="2023-05-08T15:31:28 IST">
  <testcase classname="TestCases.E2E_NOrderTest1" name="placeOrder" time="11.708">
    <failure type="junit.framework.ComparisonFailure" message="expected:&amp;lt;...11111&amp;gt; but was:&amp;lt;...&amp;gt;">
      <![CDATA[junit.framework.ComparisonFailure: expected:<...11111> but was:<...>
at junit.framework.Assert.assertEquals(Assert.java:81)
at junit.framework.Assert.assertEquals(Assert.java:87)
at TestCases.E2E_NOrderTest1.placeOrder(E2E_NOrderTest1.java:82)
at java.base/java.util.ArrayList.forEach(ArrayList.java:1511)
... Removed 27 stack frames]]>
    </failure>
  </testcase> <!-- placeOrder -->
</testsuite> <!-- TestonEdge -->
