<?xml version="1.0" encoding="UTF-8"?>
<!-- Generated by org.testng.reporters.JUnitXMLReporter -->
<testsuite ignored="0" hostname="LPT-1189" failures="1" tests="1" name="TestonEdge" time="28.045" errors="0" timestamp="2023-05-08T16:11:01 IST">
  <testcase classname="TestCases.E2E_NOrderTest1" name="placeOrder" time="16.972">
    <failure type="junit.framework.ComparisonFailure" message="Samsung galaxy s611111 expected:&amp;lt;Samsung galaxy s6&amp;gt; but was:&amp;lt;Assertion on product is failed &amp;gt;">
      <![CDATA[junit.framework.ComparisonFailure: Samsung galaxy s611111 expected:<Samsung galaxy s6> but was:<Assertion on product is failed >
at junit.framework.Assert.assertEquals(Assert.java:81)
at TestCases.E2E_NOrderTest1.placeOrder(E2E_NOrderTest1.java:82)
at java.base/java.util.ArrayList.forEach(ArrayList.java:1541)
... Removed 27 stack frames]]>
    </failure>
  </testcase> <!-- placeOrder -->
</testsuite> <!-- TestonEdge -->
