<?xml version="1.0" encoding="UTF-8"?>
<testng-results ignored="0" total="2" passed="1" failed="1" skipped="0">
  <reporter-output>
  </reporter-output>
  <suite started-at="2023-05-08T16:37:26 IST" name="Suite" finished-at="2023-05-08T16:38:49 IST" duration-ms="82202">
    <groups>
    </groups>
    <test started-at="2023-05-08T16:37:26 IST" name="TestonChrome" finished-at="2023-05-08T16:38:14 IST" duration-ms="48181">
      <class name="TestCases.E2E_OrderTest">
        <test-method is-config="true" signature="setUp(java.lang.String)[pri:0, instance:TestCases.E2E_OrderTest@e383572]" started-at="2023-05-08T16:37:26 IST" name="setUp" finished-at="2023-05-08T16:37:42 IST" duration-ms="15881" status="PASS">
          <params>
            <param index="0">
              <value>
                <![CDATA[chrome]]>
              </value>
            </param>
          </params>
          <reporter-output>
          </reporter-output>
        </test-method> <!-- setUp -->
        <test-method signature="placeOrder()[pri:0, instance:TestCases.E2E_OrderTest@e383572]" started-at="2023-05-08T16:37:42 IST" name="placeOrder" finished-at="2023-05-08T16:38:14 IST" duration-ms="32191" status="PASS">
          <reporter-output>
          </reporter-output>
        </test-method> <!-- placeOrder -->
      </class> <!-- TestCases.E2E_OrderTest -->
    </test> <!-- TestonChrome -->
    <test started-at="2023-05-08T16:38:17 IST" name="TestonEdge" finished-at="2023-05-08T16:38:49 IST" duration-ms="31738">
      <class name="TestCases.E2E_NOrderTest1">
        <test-method is-config="true" signature="setUp(java.lang.String)[pri:0, instance:TestCases.E2E_NOrderTest1@602e0143]" started-at="2023-05-08T16:38:17 IST" name="setUp" finished-at="2023-05-08T16:38:30 IST" duration-ms="13237" status="PASS">
          <params>
            <param index="0">
              <value>
                <![CDATA[edge]]>
              </value>
            </param>
          </params>
          <reporter-output>
          </reporter-output>
        </test-method> <!-- setUp -->
        <test-method signature="placeOrder()[pri:0, instance:TestCases.E2E_NOrderTest1@602e0143]" started-at="2023-05-08T16:38:30 IST" name="placeOrder" finished-at="2023-05-08T16:38:48 IST" duration-ms="17902" status="FAIL">
          <exception class="junit.framework.ComparisonFailure">
            <message>
              <![CDATA[Samsung galaxy s611111 expected:<Samsung galaxy s6> but was:<Assertion on product is failed >]]>
            </message>
            <full-stacktrace>
              <![CDATA[junit.framework.ComparisonFailure: Samsung galaxy s611111 expected:<Samsung galaxy s6> but was:<Assertion on product is failed >
at junit.framework.Assert.assertEquals(Assert.java:81)
at TestCases.E2E_NOrderTest1.placeOrder(E2E_NOrderTest1.java:82)
at java.base/jdk.internal.reflect.NativeMethodAccessorImpl.invoke0(Native Method)
at java.base/jdk.internal.reflect.NativeMethodAccessorImpl.invoke(NativeMethodAccessorImpl.java:62)
at java.base/jdk.internal.reflect.DelegatingMethodAccessorImpl.invoke(DelegatingMethodAccessorImpl.java:43)
at java.base/java.lang.reflect.Method.invoke(Method.java:566)
at org.testng.internal.invokers.MethodInvocationHelper.invokeMethod(MethodInvocationHelper.java:139)
at org.testng.internal.invokers.TestInvoker.invokeMethod(TestInvoker.java:677)
at org.testng.internal.invokers.TestInvoker.invokeTestMethod(TestInvoker.java:221)
at org.testng.internal.invokers.MethodRunner.runInSequence(MethodRunner.java:50)
at org.testng.internal.invokers.TestInvoker$MethodInvocationAgent.invoke(TestInvoker.java:962)
at org.testng.internal.invokers.TestInvoker.invokeTestMethods(TestInvoker.java:194)
at org.testng.internal.invokers.TestMethodWorker.invokeTestMethods(TestMethodWorker.java:148)
at org.testng.internal.invokers.TestMethodWorker.run(TestMethodWorker.java:128)
at java.base/java.util.ArrayList.forEach(ArrayList.java:1541)
at org.testng.TestRunner.privateRun(TestRunner.java:806)
at org.testng.TestRunner.run(TestRunner.java:601)
at org.testng.SuiteRunner.runTest(SuiteRunner.java:433)
at org.testng.SuiteRunner.runSequentially(SuiteRunner.java:427)
at org.testng.SuiteRunner.privateRun(SuiteRunner.java:387)
at org.testng.SuiteRunner.run(SuiteRunner.java:330)
at org.testng.SuiteRunnerWorker.runSuite(SuiteRunnerWorker.java:52)
at org.testng.SuiteRunnerWorker.run(SuiteRunnerWorker.java:95)
at org.testng.TestNG.runSuitesSequentially(TestNG.java:1256)
at org.testng.TestNG.runSuitesLocally(TestNG.java:1176)
at org.testng.TestNG.runSuites(TestNG.java:1099)
at org.testng.TestNG.run(TestNG.java:1067)
at org.apache.maven.surefire.testng.TestNGExecutor.run(TestNGExecutor.java:283)
at org.apache.maven.surefire.testng.TestNGXmlTestSuite.execute(TestNGXmlTestSuite.java:75)
at org.apache.maven.surefire.testng.TestNGProvider.invoke(TestNGProvider.java:120)
at org.apache.maven.surefire.booter.ForkedBooter.invokeProviderInSameClassLoader(ForkedBooter.java:384)
at org.apache.maven.surefire.booter.ForkedBooter.runSuitesInProcess(ForkedBooter.java:345)
at org.apache.maven.surefire.booter.ForkedBooter.execute(ForkedBooter.java:126)
at org.apache.maven.surefire.booter.ForkedBooter.main(ForkedBooter.java:418)
]]>
            </full-stacktrace>
          </exception> <!-- junit.framework.ComparisonFailure -->
          <reporter-output>
          </reporter-output>
        </test-method> <!-- placeOrder -->
      </class> <!-- TestCases.E2E_NOrderTest1 -->
    </test> <!-- TestonEdge -->
  </suite> <!-- Suite -->
</testng-results>
