<?xml version="1.0" encoding="UTF-8"?>
<testng-results ignored="0" total="2" passed="1" failed="1" skipped="0">
  <reporter-output>
  </reporter-output>
  <suite started-at="2023-05-08T16:09:54 IST" name="Suite" finished-at="2023-05-08T16:11:01 IST" duration-ms="66902">
    <groups>
    </groups>
    <test started-at="2023-05-08T16:09:54 IST" name="TestonChrome" finished-at="2023-05-08T16:10:31 IST" duration-ms="36283">
      <class name="TestCases.E2E_OrderTest">
        <test-method is-config="true" signature="setUp(java.lang.String)[pri:0, instance:TestCases.E2E_OrderTest@5a18cd76]" started-at="2023-05-08T16:09:54 IST" name="setUp" finished-at="2023-05-08T16:10:05 IST" duration-ms="10565" status="PASS">
          <params>
            <param index="0">
              <value>
                <![CDATA[chrome]]>
              </value>
            </param>
          </params>
          <reporter-output>
          </reporter-output>
        </test-method> <!-- setUp -->
        <test-method signature="placeOrder()[pri:0, instance:TestCases.E2E_OrderTest@5a18cd76]" started-at="2023-05-08T16:10:05 IST" name="placeOrder" finished-at="2023-05-08T16:10:30 IST" duration-ms="25589" status="PASS">
          <reporter-output>
          </reporter-output>
        </test-method> <!-- placeOrder -->
      </class> <!-- TestCases.E2E_OrderTest -->
    </test> <!-- TestonChrome -->
    <test started-at="2023-05-08T16:10:33 IST" name="TestonEdge" finished-at="2023-05-08T16:11:01 IST" duration-ms="28045">
      <class name="TestCases.E2E_NOrderTest1">
        <test-method is-config="true" signature="setUp(java.lang.String)[pri:0, instance:TestCases.E2E_NOrderTest1@7e3181aa]" started-at="2023-05-08T16:10:33 IST" name="setUp" finished-at="2023-05-08T16:10:43 IST" duration-ms="10178" status="PASS">
          <params>
            <param index="0">
              <value>
                <![CDATA[edge]]>
              </value>
            </param>
          </params>
          <reporter-output>
          </reporter-output>
        </test-method> <!-- setUp -->
        <test-method signature="placeOrder()[pri:0, instance:TestCases.E2E_NOrderTest1@7e3181aa]" started-at="2023-05-08T16:10:43 IST" name="placeOrder" finished-at="2023-05-08T16:11:00 IST" duration-ms="16972" status="FAIL">
          <exception class="junit.framework.ComparisonFailure">
            <message>
              <![CDATA[Samsung galaxy s611111 expected:<Samsung galaxy s6> but was:<Assertion on product is failed >]]>
            </message>
            <full-stacktrace>
              <![CDATA[junit.framework.ComparisonFailure: Samsung galaxy s611111 expected:<Samsung galaxy s6> but was:<Assertion on product is failed >
at junit.framework.Assert.assertEquals(Assert.java:81)
at TestCases.E2E_NOrderTest1.placeOrder(E2E_NOrderTest1.java:82)
at java.base/jdk.internal.reflect.NativeMethodAccessorImpl.invoke0(Native Method)
at java.base/jdk.internal.reflect.NativeMethodAccessorImpl.invoke(NativeMethodAccessorImpl.java:62)
at java.base/jdk.internal.reflect.DelegatingMethodAccessorImpl.invoke(DelegatingMethodAccessorImpl.java:43)
at java.base/java.lang.reflect.Method.invoke(Method.java:566)
at org.testng.internal.invokers.MethodInvocationHelper.invokeMethod(MethodInvocationHelper.java:139)
at org.testng.internal.invokers.TestInvoker.invokeMethod(TestInvoker.java:677)
at org.testng.internal.invokers.TestInvoker.invokeTestMethod(TestInvoker.java:221)
at org.testng.internal.invokers.MethodRunner.runInSequence(MethodRunner.java:50)
at org.testng.internal.invokers.TestInvoker$MethodInvocationAgent.invoke(TestInvoker.java:962)
at org.testng.internal.invokers.TestInvoker.invokeTestMethods(TestInvoker.java:194)
at org.testng.internal.invokers.TestMethodWorker.invokeTestMethods(TestMethodWorker.java:148)
at org.testng.internal.invokers.TestMethodWorker.run(TestMethodWorker.java:128)
at java.base/java.util.ArrayList.forEach(ArrayList.java:1541)
at org.testng.TestRunner.privateRun(TestRunner.java:806)
at org.testng.TestRunner.run(TestRunner.java:601)
at org.testng.SuiteRunner.runTest(SuiteRunner.java:433)
at org.testng.SuiteRunner.runSequentially(SuiteRunner.java:427)
at org.testng.SuiteRunner.privateRun(SuiteRunner.java:387)
at org.testng.SuiteRunner.run(SuiteRunner.java:330)
at org.testng.SuiteRunnerWorker.runSuite(SuiteRunnerWorker.java:52)
at org.testng.SuiteRunnerWorker.run(SuiteRunnerWorker.java:95)
at org.testng.TestNG.runSuitesSequentially(TestNG.java:1256)
at org.testng.TestNG.runSuitesLocally(TestNG.java:1176)
at org.testng.TestNG.runSuites(TestNG.java:1099)
at org.testng.TestNG.run(TestNG.java:1067)
at org.testng.remote.AbstractRemoteTestNG.run(AbstractRemoteTestNG.java:115)
at org.testng.remote.RemoteTestNG.initAndRun(RemoteTestNG.java:251)
at org.testng.remote.RemoteTestNG.main(RemoteTestNG.java:77)
]]>
            </full-stacktrace>
          </exception> <!-- junit.framework.ComparisonFailure -->
          <reporter-output>
          </reporter-output>
        </test-method> <!-- placeOrder -->
      </class> <!-- TestCases.E2E_NOrderTest1 -->
    </test> <!-- TestonEdge -->
  </suite> <!-- Suite -->
</testng-results>
